# JRE version: Java(TM) SE Runtime Environment (8.0_202-b08) (build 1.8.0_202-b08)
# Java VM: Java HotSpot(TM) 64-Bit Server VM (25.202-b08 mixed mode windows-amd64 compressed oops)
Heap:
 PSYoungGen      total 217088K, used 36403K [0x000000076b380000, 0x000000077a500000, 0x00000007c0000000)
  eden space 200704K, 18% used [0x000000076b380000,0x000000076d70cd48,0x0000000777780000)
  from space 16384K, 0% used [0x0000000778900000,0x0000000778900000,0x0000000779900000)
  to   space 17920K, 0% used [0x0000000777780000,0x0000000777780000,0x0000000778900000)
 ParOldGen       total 131584K, used 17585K [0x00000006c1a00000, 0x00000006c9a80000, 0x000000076b380000)
  object space 131584K, 13% used [0x00000006c1a00000,0x00000006c2b2c728,0x00000006c9a80000)
 Metaspace       used 37995K, capacity 39358K, committed 39640K, reserved 1083392K
  class space    used 4809K, capacity 5091K, committed 5120K, reserved 1048576K
GC Heap History (10 events):
Event: 2.488 GC heap before
{Heap before GC invocations=4 (full 1):
 PSYoungGen      total 76288K, used 5320K [0x000000076b380000, 0x0000000774880000, 0x00000007c0000000)
  eden space 65536K, 0% used [0x000000076b380000,0x000000076b380000,0x000000076f380000)
  from space 10752K, 49% used [0x000000076f380000,0x000000076f8b23b8,0x000000076fe00000)
  to   space 10752K, 0% used [0x0000000773e00000,0x0000000773e00000,0x0000000774880000)
 ParOldGen       total 175104K, used 24K [0x00000006c1a00000, 0x00000006cc500000, 0x000000076b380000)
  object space 175104K, 0% used [0x00000006c1a00000,0x00000006c1a06000,0x00000006cc500000)
 Metaspace       used 20589K, capacity 21162K, committed 21248K, reserved 1067008K
  class space    used 2640K, capacity 2811K, committed 2816K, reserved 1048576K
Event: 2.520 GC heap after
Heap after GC invocations=4 (full 1):
 PSYoungGen      total 76288K, used 0K [0x000000076b380000, 0x0000000774880000, 0x00000007c0000000)
  eden space 65536K, 0% used [0x000000076b380000,0x000000076b380000,0x000000076f380000)
  from space 10752K, 0% used [0x000000076f380000,0x000000076f380000,0x000000076fe00000)
  to   space 10752K, 0% used [0x0000000773e00000,0x0000000773e00000,0x0000000774880000)
 ParOldGen       total 86016K, used 5228K [0x00000006c1a00000, 0x00000006c6e00000, 0x000000076b380000)
  object space 86016K, 6% used [0x00000006c1a00000,0x00000006c1f1b0f0,0x00000006c6e00000)
 Metaspace       used 20589K, capacity 21162K, committed 21248K, reserved 1067008K
  class space    used 2640K, capacity 2811K, committed 2816K, reserved 1048576K
}
Event: 2.840 GC heap before
{Heap before GC invocations=5 (full 1):
 PSYoungGen      total 76288K, used 65536K [0x000000076b380000, 0x0000000774880000, 0x00000007c0000000)
  eden space 65536K, 100% used [0x000000076b380000,0x000000076f380000,0x000000076f380000)
  from space 10752K, 0% used [0x000000076f380000,0x000000076f380000,0x000000076fe00000)
  to   space 10752K, 0% used [0x0000000773e00000,0x0000000773e00000,0x0000000774880000)
 ParOldGen       total 86016K, used 5228K [0x00000006c1a00000, 0x00000006c6e00000, 0x000000076b380000)
  object space 86016K, 6% used [0x00000006c1a00000,0x00000006c1f1b0f0,0x00000006c6e00000)
 Metaspace       used 22819K, capacity 23414K, committed 23680K, reserved 1069056K
  class space    used 2953K, capacity 3097K, committed 3200K, reserved 1048576K
Event: 2.854 GC heap after
Heap after GC invocations=5 (full 1):
 PSYoungGen      total 119808K, used 3344K [0x000000076b380000, 0x0000000774180000, 0x00000007c0000000)
  eden space 116224K, 0% used [0x000000076b380000,0x000000076b380000,0x0000000772500000)
  from space 3584K, 93% used [0x0000000773e00000,0x0000000774144188,0x0000000774180000)
  to   space 10752K, 0% used [0x0000000772c80000,0x0000000772c80000,0x0000000773700000)
 ParOldGen       total 86016K, used 5228K [0x00000006c1a00000, 0x00000006c6e00000, 0x000000076b380000)
  object space 86016K, 6% used [0x00000006c1a00000,0x00000006c1f1b0f0,0x00000006c6e00000)
 Metaspace       used 22819K, capacity 23414K, committed 23680K, reserved 1069056K
  class space    used 2953K, capacity 3097K, committed 3200K, reserved 1048576K
}
Event: 4.089 GC heap before
{Heap before GC invocations=6 (full 1):
 PSYoungGen      total 119808K, used 119568K [0x000000076b380000, 0x0000000774180000, 0x00000007c0000000)
  eden space 116224K, 100% used [0x000000076b380000,0x0000000772500000,0x0000000772500000)
  from space 3584K, 93% used [0x0000000773e00000,0x0000000774144188,0x0000000774180000)
  to   space 10752K, 0% used [0x0000000772c80000,0x0000000772c80000,0x0000000773700000)
 ParOldGen       total 86016K, used 5228K [0x00000006c1a00000, 0x00000006c6e00000, 0x000000076b380000)
  object space 86016K, 6% used [0x00000006c1a00000,0x00000006c1f1b0f0,0x00000006c6e00000)
 Metaspace       used 29373K, capacity 30438K, committed 30720K, reserved 1075200K
  class space    used 3819K, capacity 4053K, committed 4096K, reserved 1048576K
Event: 4.108 GC heap after
Heap after GC invocations=6 (full 1):
 PSYoungGen      total 134656K, used 10739K [0x000000076b380000, 0x0000000779900000, 0x00000007c0000000)
  eden space 123904K, 0% used [0x000000076b380000,0x000000076b380000,0x0000000772c80000)
  from space 10752K, 99% used [0x0000000772c80000,0x00000007736fcf18,0x0000000773700000)
  to   space 16384K, 0% used [0x0000000778900000,0x0000000778900000,0x0000000779900000)
 ParOldGen       total 86016K, used 8591K [0x00000006c1a00000, 0x00000006c6e00000, 0x000000076b380000)
  object space 86016K, 9% used [0x00000006c1a00000,0x00000006c2263fd0,0x00000006c6e00000)
 Metaspace       used 29373K, capacity 30438K, committed 30720K, reserved 1075200K
  class space    used 3819K, capacity 4053K, committed 4096K, reserved 1048576K
}
Event: 5.051 GC heap before
{Heap before GC invocations=7 (full 1):
 PSYoungGen      total 134656K, used 99367K [0x000000076b380000, 0x0000000779900000, 0x00000007c0000000)
  eden space 123904K, 71% used [0x000000076b380000,0x0000000770a0d010,0x0000000772c80000)
  from space 10752K, 99% used [0x0000000772c80000,0x00000007736fcf18,0x0000000773700000)
  to   space 16384K, 0% used [0x0000000778900000,0x0000000778900000,0x0000000779900000)
 ParOldGen       total 86016K, used 8591K [0x00000006c1a00000, 0x00000006c6e00000, 0x000000076b380000)
  object space 86016K, 9% used [0x00000006c1a00000,0x00000006c2263fd0,0x00000006c6e00000)
 Metaspace       used 34067K, capacity 35274K, committed 35416K, reserved 1079296K
  class space    used 4378K, capacity 4633K, committed 4736K, reserved 1048576K
Event: 5.065 GC heap after
Heap after GC invocations=7 (full 1):
 PSYoungGen      total 217088K, used 13202K [0x000000076b380000, 0x000000077a500000, 0x00000007c0000000)
  eden space 200704K, 0% used [0x000000076b380000,0x000000076b380000,0x0000000777780000)
  from space 16384K, 80% used [0x0000000778900000,0x00000007795e4810,0x0000000779900000)
  to   space 17920K, 0% used [0x0000000777780000,0x0000000777780000,0x0000000778900000)
 ParOldGen       total 86016K, used 8663K [0x00000006c1a00000, 0x00000006c6e00000, 0x000000076b380000)
  object space 86016K, 10% used [0x00000006c1a00000,0x00000006c2275fe0,0x00000006c6e00000)
 Metaspace       used 34067K, capacity 35274K, committed 35416K, reserved 1079296K
  class space    used 4378K, capacity 4633K, committed 4736K, reserved 1048576K
}
Event: 5.065 GC heap before
{Heap before GC invocations=8 (full 2):
 PSYoungGen      total 217088K, used 13202K [0x000000076b380000, 0x000000077a500000, 0x00000007c0000000)
  eden space 200704K, 0% used [0x000000076b380000,0x000000076b380000,0x0000000777780000)
  from space 16384K, 80% used [0x0000000778900000,0x00000007795e4810,0x0000000779900000)
  to   space 17920K, 0% used [0x0000000777780000,0x0000000777780000,0x0000000778900000)
 ParOldGen       total 86016K, used 8663K [0x00000006c1a00000, 0x00000006c6e00000, 0x000000076b380000)
  object space 86016K, 10% used [0x00000006c1a00000,0x00000006c2275fe0,0x00000006c6e00000)
 Metaspace       used 34067K, capacity 35274K, committed 35416K, reserved 1079296K
  class space    used 4378K, capacity 4633K, committed 4736K, reserved 1048576K
Event: 5.131 GC heap after
Heap after GC invocations=8 (full 2):
 PSYoungGen      total 217088K, used 0K [0x000000076b380000, 0x000000077a500000, 0x00000007c0000000)
  eden space 200704K, 0% used [0x000000076b380000,0x000000076b380000,0x0000000777780000)
  from space 16384K, 0% used [0x0000000778900000,0x0000000778900000,0x0000000779900000)
  to   space 17920K, 0% used [0x0000000777780000,0x0000000777780000,0x0000000778900000)
 ParOldGen       total 131584K, used 17585K [0x00000006c1a00000, 0x00000006c9a80000, 0x000000076b380000)
  object space 131584K, 13% used [0x00000006c1a00000,0x00000006c2b2c728,0x00000006c9a80000)
 Metaspace       used 34067K, capacity 35274K, committed 35416K, reserved 1079296K
  class space    used 4378K, capacity 4633K, committed 4736K, reserved 1048576K
}

